<?xml version="1.0" encoding="UTF-8"?>
<testng-results total="2" passed="2" failed="0" skipped="0">
  <reporter-output>
    <line>
      <![CDATA[Application opened]]>
    </line>
    <line>
      <![CDATA[Title is matching]]>
    </line>
    <line>
      <![CDATA[Login completed]]>
    </line>
    <line>
      <![CDATA[Enter into frame]]>
    </line>
    <line>
      <![CDATA[Exit from frame]]>
    </line>
    <line>
      <![CDATA[Logout completed]]>
    </line>
    <line>
      <![CDATA[Application closed]]>
    </line>
    <line>
      <![CDATA[Application opened]]>
    </line>
    <line>
      <![CDATA[Title is not matched]]>
    </line>
    <line>
      <![CDATA[Login completed]]>
    </line>
    <line>
      <![CDATA[Logout completed]]>
    </line>
    <line>
      <![CDATA[Application closed]]>
    </line>
  </reporter-output>
  <suite started-at="2024-07-06T06:36:33Z" name="Suite1" finished-at="2024-07-06T06:36:43Z" duration-ms="9961">
    <groups>
    </groups>
    <test started-at="2024-07-06T06:36:33Z" name="Nopackage" finished-at="2024-07-06T06:36:43Z" duration-ms="9961">
      <class name="com.hrms.testscripts.TC001_POM">
        <test-method signature="tc001()[pri:0, instance:com.hrms.testscripts.TC001_POM@4de5031f]" started-at="2024-07-06T12:06:33Z" name="tc001" finished-at="2024-07-06T12:06:39Z" duration-ms="5723" status="PASS">
          <reporter-output>
            <line>
              <![CDATA[Application opened]]>
            </line>
            <line>
              <![CDATA[Title is matching]]>
            </line>
            <line>
              <![CDATA[Login completed]]>
            </line>
            <line>
              <![CDATA[Enter into frame]]>
            </line>
            <line>
              <![CDATA[Exit from frame]]>
            </line>
            <line>
              <![CDATA[Logout completed]]>
            </line>
            <line>
              <![CDATA[Application closed]]>
            </line>
          </reporter-output>
        </test-method> <!-- tc001 -->
      </class> <!-- com.hrms.testscripts.TC001_POM -->
      <class name="com.hrms.testscripts.TC002_POM">
        <test-method signature="tc002()[pri:0, instance:com.hrms.testscripts.TC002_POM@52e677af]" started-at="2024-07-06T12:06:39Z" name="tc002" finished-at="2024-07-06T12:06:43Z" duration-ms="4220" status="PASS">
          <reporter-output>
            <line>
              <![CDATA[Application opened]]>
            </line>
            <line>
              <![CDATA[Title is not matched]]>
            </line>
            <line>
              <![CDATA[Login completed]]>
            </line>
            <line>
              <![CDATA[Logout completed]]>
            </line>
            <line>
              <![CDATA[Application closed]]>
            </line>
          </reporter-output>
        </test-method> <!-- tc002 -->
      </class> <!-- com.hrms.testscripts.TC002_POM -->
    </test> <!-- Nopackage -->
  </suite> <!-- Suite1 -->
</testng-results>
